<?xml version="1.0" encoding="UTF-8" ?>
<testsuite tests="2" failures="0" name="com.wipro.bank.assessment.AppTest" time="0.06" errors="0" skipped="0">
  <properties>
    <property name="java.runtime.name" value="Java(TM) SE Runtime Environment"/>
    <property name="sun.boot.library.path" value="C:\Program Files\Java\jdk1.8.0_76\jre\bin"/>
    <property name="java.vm.version" value="25.76-b03"/>
    <property name="java.vm.vendor" value="Oracle Corporation"/>
    <property name="java.vendor.url" value="http://java.oracle.com/"/>
    <property name="path.separator" value=";"/>
    <property name="guice.disable.misplaced.annotation.check" value="true"/>
    <property name="java.vm.name" value="Java HotSpot(TM) Client VM"/>
    <property name="file.encoding.pkg" value="sun.io"/>
    <property name="user.script" value=""/>
    <property name="user.country" value="ZA"/>
    <property name="sun.java.launcher" value="SUN_STANDARD"/>
    <property name="sun.os.patch.level" value="Service Pack 1"/>
    <property name="java.vm.specification.name" value="Java Virtual Machine Specification"/>
    <property name="user.dir" value="C:\Bank"/>
    <property name="java.runtime.version" value="1.8.0_76-ea-b03"/>
    <property name="java.awt.graphicsenv" value="sun.awt.Win32GraphicsEnvironment"/>
    <property name="java.endorsed.dirs" value="C:\Program Files\Java\jdk1.8.0_76\jre\lib\endorsed"/>
    <property name="os.arch" value="x86"/>
    <property name="java.io.tmpdir" value="C:\Users\C00620~1\AppData\Local\Temp\"/>
    <property name="line.separator" value="
"/>
    <property name="java.vm.specification.vendor" value="Oracle Corporation"/>
    <property name="user.variant" value=""/>
    <property name="os.name" value="Windows 7"/>
    <property name="classworlds.conf" value="C:\Users\c00620295\test\workspace\.metadata\.plugins\org.eclipse.m2e.launching\launches\m2conf1731912337153552915.tmp"/>
    <property name="sun.jnu.encoding" value="Cp1252"/>
    <property name="java.library.path" value="C:\Program Files\Java\jdk1.8.0_76\bin;C:\WINDOWS\Sun\Java\bin;C:\WINDOWS\system32;C:\WINDOWS;C:/Program Files/Java/jdk1.8.0_76/bin/../jre/bin/client;C:/Program Files/Java/jdk1.8.0_76/bin/../jre/bin;C:/Program Files/Java/jdk1.8.0_76/bin/../jre/lib/i386;C:\WINDOWS\system32;C:\WINDOWS;C:\Program Files\Java\jdk1.8.0_76\bin;C:\Users\c00620295\Desktop\00-Java Advance Setup\apache-maven-3.3.9-bin\apache-maven-3.3.9\bin;C:\Program Files\Git\cmd;C:\Program Files\Java\jdk1.8.0_76\bin;C:\Users\c00620295\Desktop\Selenium\eclipse folder\eclipse-jee-kepler-SR2-win32\eclipse;;."/>
    <property name="java.specification.name" value="Java Platform API Specification"/>
    <property name="java.class.version" value="52.0"/>
    <property name="sun.management.compiler" value="HotSpot Client Compiler"/>
    <property name="os.version" value="6.1"/>
    <property name="user.home" value="C:\Users\c00620295"/>
    <property name="user.timezone" value="Africa/Harare"/>
    <property name="java.awt.printerjob" value="sun.awt.windows.WPrinterJob"/>
    <property name="java.specification.version" value="1.8"/>
    <property name="file.encoding" value="Cp1252"/>
    <property name="user.name" value="c00620295"/>
    <property name="java.class.path" value="/C:/Users/c00620295/Desktop/Selenium/eclipse folder/eclipse-jee-kepler-SR2-win32/eclipse/configuration/org.eclipse.osgi/bundles/535/1/.cp/jars/plexus-classworlds-2.4.jar"/>
    <property name="java.vm.specification.version" value="1.8"/>
    <property name="sun.arch.data.model" value="32"/>
    <property name="java.home" value="C:\Program Files\Java\jdk1.8.0_76\jre"/>
    <property name="sun.java.command" value="org.codehaus.plexus.classworlds.launcher.Launcher -B clean package site"/>
    <property name="java.specification.vendor" value="Oracle Corporation"/>
    <property name="user.language" value="en"/>
    <property name="awt.toolkit" value="sun.awt.windows.WToolkit"/>
    <property name="java.vm.info" value="mixed mode"/>
    <property name="java.version" value="1.8.0_76-ea"/>
    <property name="java.ext.dirs" value="C:\Program Files\Java\jdk1.8.0_76\jre\lib\ext;C:\WINDOWS\Sun\Java\lib\ext"/>
    <property name="sun.boot.class.path" value="C:\Program Files\Java\jdk1.8.0_76\jre\lib\resources.jar;C:\Program Files\Java\jdk1.8.0_76\jre\lib\rt.jar;C:\Program Files\Java\jdk1.8.0_76\jre\lib\sunrsasign.jar;C:\Program Files\Java\jdk1.8.0_76\jre\lib\jsse.jar;C:\Program Files\Java\jdk1.8.0_76\jre\lib\jce.jar;C:\Program Files\Java\jdk1.8.0_76\jre\lib\charsets.jar;C:\Program Files\Java\jdk1.8.0_76\jre\lib\jfr.jar;C:\Program Files\Java\jdk1.8.0_76\jre\classes"/>
    <property name="java.vendor" value="Oracle Corporation"/>
    <property name="maven.home" value="C:\Bank\EMBEDDED"/>
    <property name="file.separator" value="\"/>
    <property name="java.vendor.url.bug" value="http://bugreport.sun.com/bugreport/"/>
    <property name="maven.bootclasspath" value="/C:/Users/c00620295/Desktop/Selenium/eclipse folder/eclipse-jee-kepler-SR2-win32/eclipse/configuration/org.eclipse.osgi/bundles/535/1/.cp/jars/plexus-classworlds-2.4.jar"/>
    <property name="sun.cpu.endian" value="little"/>
    <property name="sun.io.unicode.encoding" value="UnicodeLittle"/>
    <property name="sun.desktop" value="windows"/>
    <property name="sun.cpu.isalist" value="pentium_pro+mmx pentium_pro pentium+mmx pentium i486 i386 i86"/>
  </properties>
  <testcase classname="com.wipro.bank.assessment.AppTest" name="testGetAccountDetailsByID" time="0.004"/>
  <testcase classname="com.wipro.bank.assessment.AppTest" name="testgetAccountDetailsByBalance" time="0"/>
</testsuite>